build/app/intermediates/manifest_merge_blame_file/release/manifest-merger-blame-release-report.txt
1<?xml version="1.0" encoding="utf-8"?>
2<manifest xmlns:android="http://schemas.android.com/apk/res/android"
3    package="com.igeo"
4    android:versionCode="1"
5    android:versionName="1.0.0" >
6
7    <uses-sdk
8        android:minSdkVersion="20"
8-->src/main/AndroidManifest.xml
9        android:targetSdkVersion="33" />
9-->src/main/AndroidManifest.xml
10
11    <uses-permission android:name="android.permission.INTERNET" />
11-->src/main/AndroidManifest.xml:39:5-66
11-->src/main/AndroidManifest.xml:39:22-64
12    <uses-permission android:name="android.permission.QUERY_ALL_PACKAGES" />
12-->src/main/AndroidManifest.xml:40:5-77
12-->src/main/AndroidManifest.xml:40:22-74
13    <uses-permission android:name="android.permission.ACCESS_FINE_LOCATION" />
13-->src/main/AndroidManifest.xml:41:5-78
13-->src/main/AndroidManifest.xml:41:22-76
14    <uses-permission android:name="android.permission.ACCESS_COARSE_LOCATION" />
14-->src/main/AndroidManifest.xml:42:5-81
14-->src/main/AndroidManifest.xml:42:22-78
15    <uses-permission android:name="android.permission.FOREGROUND_SERVICE" />
15-->src/main/AndroidManifest.xml:43:5-77
15-->src/main/AndroidManifest.xml:43:22-74
16    <uses-permission android:name="android.permission.ACCESS_BACKGROUND_LOCATION" />
16-->src/main/AndroidManifest.xml:44:5-84
16-->src/main/AndroidManifest.xml:44:22-82
17    <uses-permission android:name="android.permission.RECORD_AUDIO" />
17-->src/main/AndroidManifest.xml:45:5-70
17-->src/main/AndroidManifest.xml:45:22-68
18    <uses-permission android:name="android.permission.INTERNET" />
18-->src/main/AndroidManifest.xml:39:5-66
18-->src/main/AndroidManifest.xml:39:22-64
19    <uses-permission android:name="android.permission.BLUETOOTH" />
19-->src/main/AndroidManifest.xml:47:5-67
19-->src/main/AndroidManifest.xml:47:22-65
20    <uses-permission android:name="android.permission.BLUETOOTH_ADMIN" />
20-->src/main/AndroidManifest.xml:48:5-73
20-->src/main/AndroidManifest.xml:48:22-71
21    <uses-permission android:name="android.permission.BLUETOOTH_CONNECT" />
21-->src/main/AndroidManifest.xml:49:5-75
21-->src/main/AndroidManifest.xml:49:22-73
22    <uses-permission android:name="android.permission.CAMERA" />
22-->src/main/AndroidManifest.xml:50:5-65
22-->src/main/AndroidManifest.xml:50:22-62
23    <!-- Include required permissions for Google Maps API to run. -->
24    <uses-permission android:name="android.permission.ACCESS_NETWORK_STATE" />
24-->[com.google.android.gms:play-services-maps:18.1.0] AndroidManifest.xml:23:5-79
24-->[com.google.android.gms:play-services-maps:18.1.0] AndroidManifest.xml:23:22-76
25
26    <uses-feature
26-->[com.google.android.gms:play-services-maps:18.1.0] AndroidManifest.xml:26:5-28:35
27        android:glEsVersion="0x00020000"
27-->[com.google.android.gms:play-services-maps:18.1.0] AndroidManifest.xml:27:9-41
28        android:required="true" />
28-->[com.google.android.gms:play-services-maps:18.1.0] AndroidManifest.xml:28:9-32
29
30    <queries>
30-->[com.google.android.gms:play-services-maps:18.1.0] AndroidManifest.xml:30:5-34:15
31
32        <!-- Needs to be explicitly declared on Android R+ -->
33        <package android:name="com.google.android.apps.maps" />
33-->[com.google.android.gms:play-services-maps:18.1.0] AndroidManifest.xml:33:9-64
33-->[com.google.android.gms:play-services-maps:18.1.0] AndroidManifest.xml:33:18-61
34    </queries>
35
36    <permission
36-->[androidx.core:core:1.9.0] AndroidManifest.xml:22:5-24:47
37        android:name="com.igeo.DYNAMIC_RECEIVER_NOT_EXPORTED_PERMISSION"
37-->[androidx.core:core:1.9.0] AndroidManifest.xml:23:9-81
38        android:protectionLevel="signature" />
38-->[androidx.core:core:1.9.0] AndroidManifest.xml:24:9-44
39
40    <uses-permission android:name="com.igeo.DYNAMIC_RECEIVER_NOT_EXPORTED_PERMISSION" />
40-->[androidx.core:core:1.9.0] AndroidManifest.xml:26:5-97
40-->[androidx.core:core:1.9.0] AndroidManifest.xml:26:22-94
41
42    <application
43        android:name="android.app.Application"
43-->src/main/AndroidManifest.xml:5:9-42
44        android:appComponentFactory="androidx.core.app.CoreComponentFactory"
44-->[androidx.core:core:1.9.0] AndroidManifest.xml:28:18-86
45        android:icon="@mipmap/launcher_icon"
45-->src/main/AndroidManifest.xml:6:9-45
46        android:label="iGeo" >
46-->src/main/AndroidManifest.xml:4:9-29
47        <activity
47-->src/main/AndroidManifest.xml:7:9-27:20
48            android:name="com.igeo_flutter.MainActivity"
48-->src/main/AndroidManifest.xml:8:13-41
49            android:configChanges="orientation|keyboardHidden|keyboard|screenSize|smallestScreenSize|locale|layoutDirection|fontScale|screenLayout|density|uiMode"
49-->src/main/AndroidManifest.xml:12:13-163
50            android:exported="true"
50-->src/main/AndroidManifest.xml:9:13-36
51            android:hardwareAccelerated="true"
51-->src/main/AndroidManifest.xml:13:13-47
52            android:launchMode="singleTop"
52-->src/main/AndroidManifest.xml:10:13-43
53            android:theme="@style/LaunchTheme"
53-->src/main/AndroidManifest.xml:11:13-47
54            android:windowSoftInputMode="adjustResize" >
54-->src/main/AndroidManifest.xml:14:13-55
55
56            <!--
57                 Specifies an Android theme to apply to this Activity as soon as
58                 the Android process has started. This theme is visible to the user
59                 while the Flutter UI initializes. After that, this theme continues
60                 to determine the Window background behind the Flutter UI.
61            -->
62            <meta-data
62-->src/main/AndroidManifest.xml:19:13-22:17
63                android:name="io.flutter.embedding.android.NormalTheme"
63-->src/main/AndroidManifest.xml:20:15-70
64                android:resource="@style/NormalTheme" />
64-->src/main/AndroidManifest.xml:21:15-52
65
66            <intent-filter>
66-->src/main/AndroidManifest.xml:23:13-26:29
67                <action android:name="android.intent.action.MAIN" />
67-->src/main/AndroidManifest.xml:24:17-68
67-->src/main/AndroidManifest.xml:24:25-66
68
69                <category android:name="android.intent.category.LAUNCHER" />
69-->src/main/AndroidManifest.xml:25:17-76
69-->src/main/AndroidManifest.xml:25:27-74
70            </intent-filter>
71        </activity>
72        <!--
73             Don't delete the meta-data below.
74             This is used by the Flutter tool to generate GeneratedPluginRegistrant.java
75        -->
76        <meta-data
76-->src/main/AndroidManifest.xml:30:9-32:33
77            android:name="flutterEmbedding"
77-->src/main/AndroidManifest.xml:31:13-44
78            android:value="2" />
78-->src/main/AndroidManifest.xml:32:13-30
79        <meta-data
79-->src/main/AndroidManifest.xml:33:9-165
80            android:name="com.mapbox.token"
80-->src/main/AndroidManifest.xml:33:20-51
81            android:value="pk.eyJ1IjoicGpmZXJuYW5kZXMiLCJhIjoiY2t1c291Z3lzNWg2bzJvbW5kNWNhbnZhaCJ9.eYxvagOUGuS5qDo-zOfRCA" />
81-->src/main/AndroidManifest.xml:33:52-162
82        <meta-data
82-->src/main/AndroidManifest.xml:35:5-36:73
83            android:name="com.google.android.geo.API_KEY"
83-->src/main/AndroidManifest.xml:35:16-61
84            android:value="AIzaSyCOp9dVrGZ_pvQQexvkDMZoL48Co_XD2A8" />
84-->src/main/AndroidManifest.xml:36:16-71
85
86        <provider
86-->[:image_picker_android] AndroidManifest.xml:10:9-18:20
87            android:name="io.flutter.plugins.imagepicker.ImagePickerFileProvider"
87-->[:image_picker_android] AndroidManifest.xml:11:13-82
88            android:authorities="com.igeo.flutter.image_provider"
88-->[:image_picker_android] AndroidManifest.xml:12:13-74
89            android:exported="false"
89-->[:image_picker_android] AndroidManifest.xml:13:13-37
90            android:grantUriPermissions="true" >
90-->[:image_picker_android] AndroidManifest.xml:14:13-47
91            <meta-data
91-->[:image_picker_android] AndroidManifest.xml:15:13-17:75
92                android:name="android.support.FILE_PROVIDER_PATHS"
92-->[:image_picker_android] AndroidManifest.xml:16:17-67
93                android:resource="@xml/flutter_image_picker_file_paths" />
93-->[:image_picker_android] AndroidManifest.xml:17:17-72
94        </provider>
95
96        <service
96-->[:geolocator_android] AndroidManifest.xml:12:9-16:56
97            android:name="com.baseflow.geolocator.GeolocatorLocationService"
97-->[:geolocator_android] AndroidManifest.xml:13:13-77
98            android:enabled="true"
98-->[:geolocator_android] AndroidManifest.xml:14:13-35
99            android:exported="false"
99-->[:geolocator_android] AndroidManifest.xml:15:13-37
100            android:foregroundServiceType="location" />
100-->[:geolocator_android] AndroidManifest.xml:16:13-53
101        <service
101-->[:location] AndroidManifest.xml:13:9-17:56
102            android:name="com.lyokone.location.FlutterLocationService"
102-->[:location] AndroidManifest.xml:14:13-71
103            android:enabled="true"
103-->[:location] AndroidManifest.xml:15:13-35
104            android:exported="false"
104-->[:location] AndroidManifest.xml:16:13-37
105            android:foregroundServiceType="location" /> <!-- Needs to be explicitly declared on P+ -->
105-->[:location] AndroidManifest.xml:17:13-53
106        <uses-library
106-->[com.google.android.gms:play-services-maps:18.1.0] AndroidManifest.xml:39:9-41:40
107            android:name="org.apache.http.legacy"
107-->[com.google.android.gms:play-services-maps:18.1.0] AndroidManifest.xml:40:13-50
108            android:required="false" />
108-->[com.google.android.gms:play-services-maps:18.1.0] AndroidManifest.xml:41:13-37
109
110        <activity
110-->[com.google.android.gms:play-services-base:18.1.0] AndroidManifest.xml:20:9-22:45
111            android:name="com.google.android.gms.common.api.GoogleApiActivity"
111-->[com.google.android.gms:play-services-base:18.1.0] AndroidManifest.xml:20:19-85
112            android:exported="false"
112-->[com.google.android.gms:play-services-base:18.1.0] AndroidManifest.xml:22:19-43
113            android:theme="@android:style/Theme.Translucent.NoTitleBar" />
113-->[com.google.android.gms:play-services-base:18.1.0] AndroidManifest.xml:21:19-78
114
115        <meta-data
115-->[com.google.android.gms:play-services-basement:18.1.0] AndroidManifest.xml:21:9-23:69
116            android:name="com.google.android.gms.version"
116-->[com.google.android.gms:play-services-basement:18.1.0] AndroidManifest.xml:22:13-58
117            android:value="@integer/google_play_services_version" />
117-->[com.google.android.gms:play-services-basement:18.1.0] AndroidManifest.xml:23:13-66
118
119        <uses-library
119-->[androidx.window:window:1.0.0-beta04] AndroidManifest.xml:25:9-27:40
120            android:name="androidx.window.extensions"
120-->[androidx.window:window:1.0.0-beta04] AndroidManifest.xml:26:13-54
121            android:required="false" />
121-->[androidx.window:window:1.0.0-beta04] AndroidManifest.xml:27:13-37
122        <uses-library
122-->[androidx.window:window:1.0.0-beta04] AndroidManifest.xml:28:9-30:40
123            android:name="androidx.window.sidecar"
123-->[androidx.window:window:1.0.0-beta04] AndroidManifest.xml:29:13-51
124            android:required="false" />
124-->[androidx.window:window:1.0.0-beta04] AndroidManifest.xml:30:13-37
125    </application>
126
127</manifest>